# JRE version: OpenJDK Runtime Environment (8.0_181-b13) (build 1.8.0_181-8u181-b13-0ubuntu0.16.04.1-b13)
# Java VM: OpenJDK 64-Bit Server VM (25.181-b13 mixed mode linux-amd64 compressed oops)
Heap:
 def new generation   total 84800K, used 0K [0x00000000c0000000, 0x00000000c5c00000, 0x00000000d5550000)
  eden space 75392K,   0% used [0x00000000c0000000, 0x00000000c0000000, 0x00000000c49a0000)
  from space 9408K,   0% used [0x00000000c52d0000, 0x00000000c52d0000, 0x00000000c5c00000)
  to   space 9408K,   0% used [0x00000000c49a0000, 0x00000000c49a0000, 0x00000000c52d0000)
 tenured generation   total 190856K, used 129650K [0x00000000d5550000, 0x00000000e0fb2000, 0x0000000100000000)
   the space 190856K,  67% used [0x00000000d5550000, 0x00000000dd3ec8a8, 0x00000000dd3eca00, 0x00000000e0fb2000)
 Metaspace       used 68674K, capacity 69500K, committed 69592K, reserved 1110016K
  class space    used 9740K, capacity 9903K, committed 9944K, reserved 1048576K
GC Heap History (10 events):
Event: 3433.338 GC heap after
Heap after GC invocations=470 (full 18):
 def new generation   total 84800K, used 8551K [0x00000000c0000000, 0x00000000c5c00000, 0x00000000d5550000)
  eden space 75392K,   0% used [0x00000000c0000000, 0x00000000c0000000, 0x00000000c49a0000)
  from space 9408K,  90% used [0x00000000c49a0000, 0x00000000c51f9d48, 0x00000000c52d0000)
  to   space 9408K,   0% used [0x00000000c52d0000, 0x00000000c52d0000, 0x00000000c5c00000)
 tenured generation   total 188360K, used 129397K [0x00000000d5550000, 0x00000000e0d42000, 0x0000000100000000)
   the space 188360K,  68% used [0x00000000d5550000, 0x00000000dd3ad6c8, 0x00000000dd3ad800, 0x00000000e0d42000)
 Metaspace       used 68613K, capacity 69430K, committed 69592K, reserved 1110016K
  class space    used 9731K, capacity 9902K, committed 9944K, reserved 1048576K
}
Event: 3433.642 GC heap before
{Heap before GC invocations=470 (full 18):
 def new generation   total 84800K, used 83943K [0x00000000c0000000, 0x00000000c5c00000, 0x00000000d5550000)
  eden space 75392K, 100% used [0x00000000c0000000, 0x00000000c49a0000, 0x00000000c49a0000)
  from space 9408K,  90% used [0x00000000c49a0000, 0x00000000c51f9d48, 0x00000000c52d0000)
  to   space 9408K,   0% used [0x00000000c52d0000, 0x00000000c52d0000, 0x00000000c5c00000)
 tenured generation   total 188360K, used 129397K [0x00000000d5550000, 0x00000000e0d42000, 0x0000000100000000)
   the space 188360K,  68% used [0x00000000d5550000, 0x00000000dd3ad6c8, 0x00000000dd3ad800, 0x00000000e0d42000)
 Metaspace       used 68613K, capacity 69430K, committed 69592K, reserved 1110016K
  class space    used 9731K, capacity 9902K, committed 9944K, reserved 1048576K
Event: 3433.647 GC heap after
Heap after GC invocations=471 (full 18):
 def new generation   total 84800K, used 0K [0x00000000c0000000, 0x00000000c5c00000, 0x00000000d5550000)
  eden space 75392K,   0% used [0x00000000c0000000, 0x00000000c0000000, 0x00000000c49a0000)
  from space 9408K,   0% used [0x00000000c52d0000, 0x00000000c52d0048, 0x00000000c5c00000)
  to   space 9408K,   0% used [0x00000000c49a0000, 0x00000000c49a0000, 0x00000000c52d0000)
 tenured generation   total 188360K, used 137927K [0x00000000d5550000, 0x00000000e0d42000, 0x0000000100000000)
   the space 188360K,  73% used [0x00000000d5550000, 0x00000000ddc01fc0, 0x00000000ddc02000, 0x00000000e0d42000)
 Metaspace       used 68613K, capacity 69430K, committed 69592K, reserved 1110016K
  class space    used 9731K, capacity 9902K, committed 9944K, reserved 1048576K
}
Event: 3433.911 GC heap before
{Heap before GC invocations=471 (full 18):
 def new generation   total 84800K, used 75392K [0x00000000c0000000, 0x00000000c5c00000, 0x00000000d5550000)
  eden space 75392K, 100% used [0x00000000c0000000, 0x00000000c49a0000, 0x00000000c49a0000)
  from space 9408K,   0% used [0x00000000c52d0000, 0x00000000c52d0048, 0x00000000c5c00000)
  to   space 9408K,   0% used [0x00000000c49a0000, 0x00000000c49a0000, 0x00000000c52d0000)
 tenured generation   total 188360K, used 137927K [0x00000000d5550000, 0x00000000e0d42000, 0x0000000100000000)
   the space 188360K,  73% used [0x00000000d5550000, 0x00000000ddc01fc0, 0x00000000ddc02000, 0x00000000e0d42000)
 Metaspace       used 68613K, capacity 69430K, committed 69592K, reserved 1110016K
  class space    used 9731K, capacity 9902K, committed 9944K, reserved 1048576K
Event: 3433.913 GC heap after
Heap after GC invocations=472 (full 18):
 def new generation   total 84800K, used 0K [0x00000000c0000000, 0x00000000c5c00000, 0x00000000d5550000)
  eden space 75392K,   0% used [0x00000000c0000000, 0x00000000c0000000, 0x00000000c49a0000)
  from space 9408K,   0% used [0x00000000c49a0000, 0x00000000c49a0020, 0x00000000c52d0000)
  to   space 9408K,   0% used [0x00000000c52d0000, 0x00000000c52d0000, 0x00000000c5c00000)
 tenured generation   total 188360K, used 137927K [0x00000000d5550000, 0x00000000e0d42000, 0x0000000100000000)
   the space 188360K,  73% used [0x00000000d5550000, 0x00000000ddc01fc0, 0x00000000ddc02000, 0x00000000e0d42000)
 Metaspace       used 68613K, capacity 69430K, committed 69592K, reserved 1110016K
  class space    used 9731K, capacity 9902K, committed 9944K, reserved 1048576K
}
Event: 3434.111 GC heap before
{Heap before GC invocations=472 (full 18):
 def new generation   total 84800K, used 68148K [0x00000000c0000000, 0x00000000c5c00000, 0x00000000d5550000)
  eden space 75392K,  90% used [0x00000000c0000000, 0x00000000c428d010, 0x00000000c49a0000)
  from space 9408K,   0% used [0x00000000c49a0000, 0x00000000c49a0020, 0x00000000c52d0000)
  to   space 9408K,   0% used [0x00000000c52d0000, 0x00000000c52d0000, 0x00000000c5c00000)
 tenured generation   total 188360K, used 137927K [0x00000000d5550000, 0x00000000e0d42000, 0x0000000100000000)
   the space 188360K,  73% used [0x00000000d5550000, 0x00000000ddc01fc0, 0x00000000ddc02000, 0x00000000e0d42000)
 Metaspace       used 68671K, capacity 69500K, committed 69592K, reserved 1110016K
  class space    used 9740K, capacity 9903K, committed 9944K, reserved 1048576K
Event: 3434.117 GC heap after
Heap after GC invocations=473 (full 18):
 def new generation   total 84800K, used 158K [0x00000000c0000000, 0x00000000c5c00000, 0x00000000d5550000)
  eden space 75392K,   0% used [0x00000000c0000000, 0x00000000c0000000, 0x00000000c49a0000)
  from space 9408K,   1% used [0x00000000c52d0000, 0x00000000c52f7ab8, 0x00000000c5c00000)
  to   space 9408K,   0% used [0x00000000c49a0000, 0x00000000c49a0000, 0x00000000c52d0000)
 tenured generation   total 188360K, used 153671K [0x00000000d5550000, 0x00000000e0d42000, 0x0000000100000000)
   the space 188360K,  81% used [0x00000000d5550000, 0x00000000deb61fd0, 0x00000000deb62000, 0x00000000e0d42000)
 Metaspace       used 68671K, capacity 69500K, committed 69592K, reserved 1110016K
  class space    used 9740K, capacity 9903K, committed 9944K, reserved 1048576K
}
Event: 3434.187 GC heap before
{Heap before GC invocations=473 (full 18):
 def new generation   total 84800K, used 75550K [0x00000000c0000000, 0x00000000c5c00000, 0x00000000d5550000)
  eden space 75392K, 100% used [0x00000000c0000000, 0x00000000c49a0000, 0x00000000c49a0000)
  from space 9408K,   1% used [0x00000000c52d0000, 0x00000000c52f7ab8, 0x00000000c5c00000)
  to   space 9408K,   0% used [0x00000000c49a0000, 0x00000000c49a0000, 0x00000000c52d0000)
 tenured generation   total 188360K, used 153671K [0x00000000d5550000, 0x00000000e0d42000, 0x0000000100000000)
   the space 188360K,  81% used [0x00000000d5550000, 0x00000000deb61fd0, 0x00000000deb62000, 0x00000000e0d42000)
 Metaspace       used 68674K, capacity 69500K, committed 69592K, reserved 1110016K
  class space    used 9740K, capacity 9903K, committed 9944K, reserved 1048576K
Event: 3434.324 GC heap after
Heap after GC invocations=474 (full 18):
 def new generation   total 84800K, used 9407K [0x00000000c0000000, 0x00000000c5c00000, 0x00000000d5550000)
  eden space 75392K,   0% used [0x00000000c0000000, 0x00000000c0000000, 0x00000000c49a0000)
  from space 9408K,  99% used [0x00000000c49a0000, 0x00000000c52cfff8, 0x00000000c52d0000)
  to   space 9408K,   0% used [0x00000000c52d0000, 0x00000000c52d0000, 0x00000000c5c00000)
 tenured generation   total 188360K, used 181758K [0x00000000d5550000, 0x00000000e0d42000, 0x0000000100000000)
   the space 188360K,  96% used [0x00000000d5550000, 0x00000000e06cf800, 0x00000000e06cf800, 0x00000000e0d42000)
 Metaspace       used 68674K, capacity 69500K, committed 69592K, reserved 1110016K
  class space    used 9740K, capacity 9903K, committed 9944K, reserved 1048576K
}
Event: 3434.463 GC heap before
{Heap before GC invocations=474 (full 18):
 def new generation   total 84800K, used 84799K [0x00000000c0000000, 0x00000000c5c00000, 0x00000000d5550000)
  eden space 75392K, 100% used [0x00000000c0000000, 0x00000000c49a0000, 0x00000000c49a0000)
  from space 9408K,  99% used [0x00000000c49a0000, 0x00000000c52cfff8, 0x00000000c52d0000)
  to   space 9408K,   0% used [0x00000000c52d0000, 0x00000000c52d0000, 0x00000000c5c00000)
 tenured generation   total 188360K, used 181758K [0x00000000d5550000, 0x00000000e0d42000, 0x0000000100000000)
   the space 188360K,  96% used [0x00000000d5550000, 0x00000000e06cf800, 0x00000000e06cf800, 0x00000000e0d42000)
 Metaspace       used 68674K, capacity 69500K, committed 69592K, reserved 1110016K
  class space    used 9740K, capacity 9903K, committed 9944K, reserved 1048576K

