# JRE version: OpenJDK Runtime Environment (8.0_181-b13) (build 1.8.0_181-8u181-b13-0ubuntu0.16.04.1-b13)
# Java VM: OpenJDK 64-Bit Server VM (25.181-b13 mixed mode linux-amd64 compressed oops)
Heap:
 def new generation   total 84736K, used 0K [0x00000000c0000000, 0x00000000c5bf0000, 0x00000000d5550000)
  eden space 75328K,   0% used [0x00000000c0000000, 0x00000000c0000000, 0x00000000c4990000)
  from space 9408K,   0% used [0x00000000c4990000, 0x00000000c4990000, 0x00000000c52c0000)
  to   space 9408K,   0% used [0x00000000c52c0000, 0x00000000c52c0000, 0x00000000c5bf0000)
 tenured generation   total 225016K, used 160348K [0x00000000d5550000, 0x00000000e310e000, 0x0000000100000000)
   the space 225016K,  71% used [0x00000000d5550000, 0x00000000df1e71e8, 0x00000000df1e7200, 0x00000000e310e000)
 Metaspace       used 64197K, capacity 64760K, committed 64984K, reserved 1105920K
  class space    used 9231K, capacity 9362K, committed 9432K, reserved 1048576K
GC Heap History (10 events):
Event: 215.457 GC heap after
Heap after GC invocations=410 (full 12):
 def new generation   total 84736K, used 1K [0x00000000c0000000, 0x00000000c5bf0000, 0x00000000d5550000)
  eden space 75328K,   0% used [0x00000000c0000000, 0x00000000c0000000, 0x00000000c4990000)
  from space 9408K,   0% used [0x00000000c52c0000, 0x00000000c52c05f8, 0x00000000c5bf0000)
  to   space 9408K,   0% used [0x00000000c4990000, 0x00000000c4990000, 0x00000000c52c0000)
 tenured generation   total 188120K, used 123063K [0x00000000d5550000, 0x00000000e0d06000, 0x0000000100000000)
   the space 188120K,  65% used [0x00000000d5550000, 0x00000000dcd7dd50, 0x00000000dcd7de00, 0x00000000e0d06000)
 Metaspace       used 64129K, capacity 64696K, committed 64984K, reserved 1105920K
  class space    used 9231K, capacity 9362K, committed 9432K, reserved 1048576K
}
Event: 215.524 GC heap before
{Heap before GC invocations=410 (full 12):
 def new generation   total 84736K, used 75329K [0x00000000c0000000, 0x00000000c5bf0000, 0x00000000d5550000)
  eden space 75328K, 100% used [0x00000000c0000000, 0x00000000c4990000, 0x00000000c4990000)
  from space 9408K,   0% used [0x00000000c52c0000, 0x00000000c52c05f8, 0x00000000c5bf0000)
  to   space 9408K,   0% used [0x00000000c4990000, 0x00000000c4990000, 0x00000000c52c0000)
 tenured generation   total 188120K, used 123063K [0x00000000d5550000, 0x00000000e0d06000, 0x0000000100000000)
   the space 188120K,  65% used [0x00000000d5550000, 0x00000000dcd7dd50, 0x00000000dcd7de00, 0x00000000e0d06000)
 Metaspace       used 64129K, capacity 64696K, committed 64984K, reserved 1105920K
  class space    used 9231K, capacity 9362K, committed 9432K, reserved 1048576K
Event: 215.530 GC heap after
Heap after GC invocations=411 (full 12):
 def new generation   total 84736K, used 1K [0x00000000c0000000, 0x00000000c5bf0000, 0x00000000d5550000)
  eden space 75328K,   0% used [0x00000000c0000000, 0x00000000c0000000, 0x00000000c4990000)
  from space 9408K,   0% used [0x00000000c4990000, 0x00000000c4990620, 0x00000000c52c0000)
  to   space 9408K,   0% used [0x00000000c52c0000, 0x00000000c52c0000, 0x00000000c5bf0000)
 tenured generation   total 188120K, used 143441K [0x00000000d5550000, 0x00000000e0d06000, 0x0000000100000000)
   the space 188120K,  76% used [0x00000000d5550000, 0x00000000de164560, 0x00000000de164600, 0x00000000e0d06000)
 Metaspace       used 64129K, capacity 64696K, committed 64984K, reserved 1105920K
  class space    used 9231K, capacity 9362K, committed 9432K, reserved 1048576K
}
Event: 215.616 GC heap before
{Heap before GC invocations=411 (full 12):
 def new generation   total 84736K, used 75329K [0x00000000c0000000, 0x00000000c5bf0000, 0x00000000d5550000)
  eden space 75328K, 100% used [0x00000000c0000000, 0x00000000c4990000, 0x00000000c4990000)
  from space 9408K,   0% used [0x00000000c4990000, 0x00000000c4990620, 0x00000000c52c0000)
  to   space 9408K,   0% used [0x00000000c52c0000, 0x00000000c52c0000, 0x00000000c5bf0000)
 tenured generation   total 188120K, used 143441K [0x00000000d5550000, 0x00000000e0d06000, 0x0000000100000000)
   the space 188120K,  76% used [0x00000000d5550000, 0x00000000de164560, 0x00000000de164600, 0x00000000e0d06000)
 Metaspace       used 64129K, capacity 64696K, committed 64984K, reserved 1105920K
  class space    used 9231K, capacity 9362K, committed 9432K, reserved 1048576K
Event: 215.618 GC heap after
Heap after GC invocations=412 (full 12):
 def new generation   total 84736K, used 1K [0x00000000c0000000, 0x00000000c5bf0000, 0x00000000d5550000)
  eden space 75328K,   0% used [0x00000000c0000000, 0x00000000c0000000, 0x00000000c4990000)
  from space 9408K,   0% used [0x00000000c52c0000, 0x00000000c52c0768, 0x00000000c5bf0000)
  to   space 9408K,   0% used [0x00000000c4990000, 0x00000000c4990000, 0x00000000c52c0000)
 tenured generation   total 188120K, used 143441K [0x00000000d5550000, 0x00000000e0d06000, 0x0000000100000000)
   the space 188120K,  76% used [0x00000000d5550000, 0x00000000de164560, 0x00000000de164600, 0x00000000e0d06000)
 Metaspace       used 64129K, capacity 64696K, committed 64984K, reserved 1105920K
  class space    used 9231K, capacity 9362K, committed 9432K, reserved 1048576K
}
Event: 215.657 GC heap before
{Heap before GC invocations=412 (full 12):
 def new generation   total 84736K, used 58572K [0x00000000c0000000, 0x00000000c5bf0000, 0x00000000d5550000)
  eden space 75328K,  77% used [0x00000000c0000000, 0x00000000c3932b88, 0x00000000c4990000)
  from space 9408K,   0% used [0x00000000c52c0000, 0x00000000c52c0768, 0x00000000c5bf0000)
  to   space 9408K,   0% used [0x00000000c4990000, 0x00000000c4990000, 0x00000000c52c0000)
 tenured generation   total 188120K, used 143441K [0x00000000d5550000, 0x00000000e0d06000, 0x0000000100000000)
   the space 188120K,  76% used [0x00000000d5550000, 0x00000000de164560, 0x00000000de164600, 0x00000000e0d06000)
 Metaspace       used 64129K, capacity 64696K, committed 64984K, reserved 1105920K
  class space    used 9231K, capacity 9362K, committed 9432K, reserved 1048576K
Event: 215.664 GC heap after
Heap after GC invocations=413 (full 12):
 def new generation   total 84736K, used 8556K [0x00000000c0000000, 0x00000000c5bf0000, 0x00000000d5550000)
  eden space 75328K,   0% used [0x00000000c0000000, 0x00000000c0000000, 0x00000000c4990000)
  from space 9408K,  90% used [0x00000000c4990000, 0x00000000c51eb140, 0x00000000c52c0000)
  to   space 9408K,   0% used [0x00000000c52c0000, 0x00000000c52c0000, 0x00000000c5bf0000)
 tenured generation   total 188120K, used 156335K [0x00000000d5550000, 0x00000000e0d06000, 0x0000000100000000)
   the space 188120K,  83% used [0x00000000d5550000, 0x00000000dedfbd10, 0x00000000dedfbe00, 0x00000000e0d06000)
 Metaspace       used 64129K, capacity 64696K, committed 64984K, reserved 1105920K
  class space    used 9231K, capacity 9362K, committed 9432K, reserved 1048576K
}
Event: 215.707 GC heap before
{Heap before GC invocations=413 (full 12):
 def new generation   total 84736K, used 75161K [0x00000000c0000000, 0x00000000c5bf0000, 0x00000000d5550000)
  eden space 75328K,  88% used [0x00000000c0000000, 0x00000000c410b650, 0x00000000c4990000)
  from space 9408K,  90% used [0x00000000c4990000, 0x00000000c51eb140, 0x00000000c52c0000)
  to   space 9408K,   0% used [0x00000000c52c0000, 0x00000000c52c0000, 0x00000000c5bf0000)
 tenured generation   total 188120K, used 156335K [0x00000000d5550000, 0x00000000e0d06000, 0x0000000100000000)
   the space 188120K,  83% used [0x00000000d5550000, 0x00000000dedfbd10, 0x00000000dedfbe00, 0x00000000e0d06000)
 Metaspace       used 64172K, capacity 64760K, committed 64984K, reserved 1105920K
  class space    used 9231K, capacity 9362K, committed 9432K, reserved 1048576K
Event: 215.728 GC heap after
Heap after GC invocations=414 (full 12):
 def new generation   total 84736K, used 54K [0x00000000c0000000, 0x00000000c5bf0000, 0x00000000d5550000)
  eden space 75328K,   0% used [0x00000000c0000000, 0x00000000c0000000, 0x00000000c4990000)
  from space 9408K,   0% used [0x00000000c52c0000, 0x00000000c52cd8c0, 0x00000000c5bf0000)
  to   space 9408K,   0% used [0x00000000c4990000, 0x00000000c4990000, 0x00000000c52c0000)
 tenured generation   total 188120K, used 186783K [0x00000000d5550000, 0x00000000e0d06000, 0x0000000100000000)
   the space 188120K,  99% used [0x00000000d5550000, 0x00000000e0bb7e58, 0x00000000e0bb8000, 0x00000000e0d06000)
 Metaspace       used 64172K, capacity 64760K, committed 64984K, reserved 1105920K
  class space    used 9231K, capacity 9362K, committed 9432K, reserved 1048576K
}
Event: 215.792 GC heap before
{Heap before GC invocations=414 (full 12):
 def new generation   total 84736K, used 75163K [0x00000000c0000000, 0x00000000c5bf0000, 0x00000000d5550000)
  eden space 75328K,  99% used [0x00000000c0000000, 0x00000000c49594e8, 0x00000000c4990000)
  from space 9408K,   0% used [0x00000000c52c0000, 0x00000000c52cd8c0, 0x00000000c5bf0000)
  to   space 9408K,   0% used [0x00000000c4990000, 0x00000000c4990000, 0x00000000c52c0000)
 tenured generation   total 188120K, used 186783K [0x00000000d5550000, 0x00000000e0d06000, 0x0000000100000000)
   the space 188120K,  99% used [0x00000000d5550000, 0x00000000e0bb7e58, 0x00000000e0bb8000, 0x00000000e0d06000)
 Metaspace       used 64197K, capacity 64760K, committed 64984K, reserved 1105920K
  class space    used 9231K, capacity 9362K, committed 9432K, reserved 1048576K

