# JRE version: OpenJDK Runtime Environment (8.0_181-b13) (build 1.8.0_181-8u181-b13-0ubuntu0.16.04.1-b13)
# Java VM: OpenJDK 64-Bit Server VM (25.181-b13 mixed mode linux-amd64 compressed oops)
Heap:
 def new generation   total 104896K, used 101443K [0x00000000c0000000, 0x00000000c71d0000, 0x00000000d5550000)
  eden space 93248K, 100% used [0x00000000c0000000, 0x00000000c5b10000, 0x00000000c5b10000)
  from space 11648K,  70% used [0x00000000c5b10000, 0x00000000c6310ef8, 0x00000000c6670000)
  to   space 11648K,   0% used [0x00000000c6670000, 0x00000000c6678fc8, 0x00000000c71d0000)
 tenured generation   total 233184K, used 232992K [0x00000000d5550000, 0x00000000e3908000, 0x0000000100000000)
   the space 233184K,  99% used [0x00000000d5550000, 0x00000000e38d80d0, 0x00000000e38d8200, 0x00000000e3908000)
 Metaspace       used 75375K, capacity 77018K, committed 77144K, reserved 1116160K
  class space    used 10785K, capacity 11052K, committed 11096K, reserved 1048576K
GC Heap History (10 events):
Event: 758.411 GC heap after
Heap after GC invocations=526 (full 19):
 def new generation   total 104896K, used 0K [0x00000000c0000000, 0x00000000c71d0000, 0x00000000d5550000)
  eden space 93248K,   0% used [0x00000000c0000000, 0x00000000c0000000, 0x00000000c5b10000)
  from space 11648K,   0% used [0x00000000c5b10000, 0x00000000c5b10000, 0x00000000c6670000)
  to   space 11648K,   0% used [0x00000000c6670000, 0x00000000c6670000, 0x00000000c71d0000)
 tenured generation   total 232992K, used 139794K [0x00000000d5550000, 0x00000000e38d8000, 0x0000000100000000)
   the space 232992K,  59% used [0x00000000d5550000, 0x00000000dddd4bc8, 0x00000000dddd4c00, 0x00000000e38d8000)
 Metaspace       used 75198K, capacity 76784K, committed 76888K, reserved 1116160K
  class space    used 10778K, capacity 11045K, committed 11096K, reserved 1048576K
}
Event: 758.693 GC heap before
{Heap before GC invocations=526 (full 19):
 def new generation   total 104896K, used 86131K [0x00000000c0000000, 0x00000000c71d0000, 0x00000000d5550000)
  eden space 93248K,  92% used [0x00000000c0000000, 0x00000000c541cda8, 0x00000000c5b10000)
  from space 11648K,   0% used [0x00000000c5b10000, 0x00000000c5b10000, 0x00000000c6670000)
  to   space 11648K,   0% used [0x00000000c6670000, 0x00000000c6670000, 0x00000000c71d0000)
 tenured generation   total 232992K, used 139794K [0x00000000d5550000, 0x00000000e38d8000, 0x0000000100000000)
   the space 232992K,  59% used [0x00000000d5550000, 0x00000000dddd4bc8, 0x00000000dddd4c00, 0x00000000e38d8000)
 Metaspace       used 75240K, capacity 76790K, committed 76888K, reserved 1116160K
  class space    used 10779K, capacity 11046K, committed 11096K, reserved 1048576K
Event: 758.713 GC heap after
Heap after GC invocations=527 (full 19):
 def new generation   total 104896K, used 11647K [0x00000000c0000000, 0x00000000c71d0000, 0x00000000d5550000)
  eden space 93248K,   0% used [0x00000000c0000000, 0x00000000c0000000, 0x00000000c5b10000)
  from space 11648K,  99% used [0x00000000c6670000, 0x00000000c71cfff8, 0x00000000c71d0000)
  to   space 11648K,   0% used [0x00000000c5b10000, 0x00000000c5b10000, 0x00000000c6670000)
 tenured generation   total 232992K, used 172886K [0x00000000d5550000, 0x00000000e38d8000, 0x0000000100000000)
   the space 232992K,  74% used [0x00000000d5550000, 0x00000000dfe25a10, 0x00000000dfe25c00, 0x00000000e38d8000)
 Metaspace       used 75240K, capacity 76790K, committed 76888K, reserved 1116160K
  class space    used 10779K, capacity 11046K, committed 11096K, reserved 1048576K
}
Event: 758.841 GC heap before
{Heap before GC invocations=527 (full 19):
 def new generation   total 104896K, used 104895K [0x00000000c0000000, 0x00000000c71d0000, 0x00000000d5550000)
  eden space 93248K, 100% used [0x00000000c0000000, 0x00000000c5b10000, 0x00000000c5b10000)
  from space 11648K,  99% used [0x00000000c6670000, 0x00000000c71cfff8, 0x00000000c71d0000)
  to   space 11648K,   0% used [0x00000000c5b10000, 0x00000000c5b10000, 0x00000000c6670000)
 tenured generation   total 232992K, used 172886K [0x00000000d5550000, 0x00000000e38d8000, 0x0000000100000000)
   the space 232992K,  74% used [0x00000000d5550000, 0x00000000dfe25a10, 0x00000000dfe25c00, 0x00000000e38d8000)
 Metaspace       used 75251K, capacity 76796K, committed 76888K, reserved 1116160K
  class space    used 10780K, capacity 11047K, committed 11096K, reserved 1048576K
Event: 758.854 GC heap after
Heap after GC invocations=528 (full 19):
 def new generation   total 104896K, used 11627K [0x00000000c0000000, 0x00000000c71d0000, 0x00000000d5550000)
  eden space 93248K,   0% used [0x00000000c0000000, 0x00000000c0000000, 0x00000000c5b10000)
  from space 11648K,  99% used [0x00000000c5b10000, 0x00000000c666afb0, 0x00000000c6670000)
  to   space 11648K,   0% used [0x00000000c6670000, 0x00000000c6670000, 0x00000000c71d0000)
 tenured generation   total 232992K, used 201922K [0x00000000d5550000, 0x00000000e38d8000, 0x0000000100000000)
   the space 232992K,  86% used [0x00000000d5550000, 0x00000000e1a80a90, 0x00000000e1a80c00, 0x00000000e38d8000)
 Metaspace       used 75251K, capacity 76796K, committed 76888K, reserved 1116160K
  class space    used 10780K, capacity 11047K, committed 11096K, reserved 1048576K
}
Event: 759.047 GC heap before
{Heap before GC invocations=528 (full 19):
 def new generation   total 104896K, used 99774K [0x00000000c0000000, 0x00000000c71d0000, 0x00000000d5550000)
  eden space 93248K,  94% used [0x00000000c0000000, 0x00000000c56149e0, 0x00000000c5b10000)
  from space 11648K,  99% used [0x00000000c5b10000, 0x00000000c666afb0, 0x00000000c6670000)
  to   space 11648K,   0% used [0x00000000c6670000, 0x00000000c6670000, 0x00000000c71d0000)
 tenured generation   total 232992K, used 201922K [0x00000000d5550000, 0x00000000e38d8000, 0x0000000100000000)
   the space 232992K,  86% used [0x00000000d5550000, 0x00000000e1a80a90, 0x00000000e1a80c00, 0x00000000e38d8000)
 Metaspace       used 75345K, capacity 76884K, committed 77144K, reserved 1116160K
  class space    used 10784K, capacity 11051K, committed 11096K, reserved 1048576K
Event: 759.060 GC heap after
Heap after GC invocations=529 (full 19):
 def new generation   total 104896K, used 348K [0x00000000c0000000, 0x00000000c71d0000, 0x00000000d5550000)
  eden space 93248K,   0% used [0x00000000c0000000, 0x00000000c0000000, 0x00000000c5b10000)
  from space 11648K,   2% used [0x00000000c6670000, 0x00000000c66c73f0, 0x00000000c71d0000)
  to   space 11648K,   0% used [0x00000000c5b10000, 0x00000000c5b10000, 0x00000000c6670000)
 tenured generation   total 232992K, used 232964K [0x00000000d5550000, 0x00000000e38d8000, 0x0000000100000000)
   the space 232992K,  99% used [0x00000000d5550000, 0x00000000e38d1158, 0x00000000e38d1200, 0x00000000e38d8000)
 Metaspace       used 75345K, capacity 76884K, committed 77144K, reserved 1116160K
  class space    used 10784K, capacity 11051K, committed 11096K, reserved 1048576K
}
Event: 759.526 GC heap before
{Heap before GC invocations=529 (full 19):
 def new generation   total 104896K, used 87515K [0x00000000c0000000, 0x00000000c71d0000, 0x00000000d5550000)
  eden space 93248K,  93% used [0x00000000c0000000, 0x00000000c551f980, 0x00000000c5b10000)
  from space 11648K,   2% used [0x00000000c6670000, 0x00000000c66c73f0, 0x00000000c71d0000)
  to   space 11648K,   0% used [0x00000000c5b10000, 0x00000000c5b10000, 0x00000000c6670000)
 tenured generation   total 232992K, used 232964K [0x00000000d5550000, 0x00000000e38d8000, 0x0000000100000000)
   the space 232992K,  99% used [0x00000000d5550000, 0x00000000e38d1158, 0x00000000e38d1200, 0x00000000e38d8000)
 Metaspace       used 75367K, capacity 77018K, committed 77144K, reserved 1116160K
  class space    used 10785K, capacity 11052K, committed 11096K, reserved 1048576K
Event: 759.531 GC heap after
Heap after GC invocations=530 (full 19):
 def new generation   total 104896K, used 8195K [0x00000000c0000000, 0x00000000c71d0000, 0x00000000d5550000)
  eden space 93248K,   0% used [0x00000000c0000000, 0x00000000c0000000, 0x00000000c5b10000)
  from space 11648K,  70% used [0x00000000c5b10000, 0x00000000c6310ef8, 0x00000000c6670000)
  to   space 11648K,   0% used [0x00000000c6670000, 0x00000000c6670000, 0x00000000c71d0000)
 tenured generation   total 232992K, used 232964K [0x00000000d5550000, 0x00000000e38d8000, 0x0000000100000000)
   the space 232992K,  99% used [0x00000000d5550000, 0x00000000e38d1158, 0x00000000e38d1200, 0x00000000e38d8000)
 Metaspace       used 75367K, capacity 77018K, committed 77144K, reserved 1116160K
  class space    used 10785K, capacity 11052K, committed 11096K, reserved 1048576K
}
Event: 759.716 GC heap before
{Heap before GC invocations=530 (full 19):
 def new generation   total 104896K, used 101443K [0x00000000c0000000, 0x00000000c71d0000, 0x00000000d5550000)
  eden space 93248K, 100% used [0x00000000c0000000, 0x00000000c5b10000, 0x00000000c5b10000)
  from space 11648K,  70% used [0x00000000c5b10000, 0x00000000c6310ef8, 0x00000000c6670000)
  to   space 11648K,   0% used [0x00000000c6670000, 0x00000000c6670000, 0x00000000c71d0000)
 tenured generation   total 232992K, used 232964K [0x00000000d5550000, 0x00000000e38d8000, 0x0000000100000000)
   the space 232992K,  99% used [0x00000000d5550000, 0x00000000e38d1158, 0x00000000e38d1200, 0x00000000e38d8000)
 Metaspace       used 75375K, capacity 77018K, committed 77144K, reserved 1116160K
  class space    used 10785K, capacity 11052K, committed 11096K, reserved 1048576K

